mode: atomic
orchestrator/common/pkg/tcp_measurer/service.go:20.40,21.26 1 2
orchestrator/common/pkg/tcp_measurer/service.go:21.26,23.3 1 2
orchestrator/common/pkg/tcp_measurer/service.go:26.100,33.27 2 2
orchestrator/common/pkg/tcp_measurer/service.go:33.27,35.3 1 2
orchestrator/common/pkg/tcp_measurer/service.go:36.2,36.12 1 2
orchestrator/common/pkg/tcp_measurer/service.go:39.32,41.16 2 2
orchestrator/common/pkg/tcp_measurer/service.go:41.16,43.3 1 1
orchestrator/common/pkg/tcp_measurer/service.go:44.2,44.12 1 1
orchestrator/common/pkg/tcp_measurer/service.go:47.28,48.2 0 0
orchestrator/common/pkg/tcp_measurer/service.go:50.27,51.2 0 0
